Traceback (most recent call last):
  File "/home/runner/work/qmlcourse/qmlcourse/.venv/lib/python3.8/site-packages/jupyter_cache/executors/utils.py", line 51, in single_nb_execution
    executenb(
  File "/home/runner/work/qmlcourse/qmlcourse/.venv/lib/python3.8/site-packages/nbclient/client.py", line 1117, in execute
    return NotebookClient(nb=nb, resources=resources, km=km, **kwargs).execute()
  File "/home/runner/work/qmlcourse/qmlcourse/.venv/lib/python3.8/site-packages/nbclient/util.py", line 78, in wrapped
    return just_run(coro(*args, **kwargs))
  File "/home/runner/work/qmlcourse/qmlcourse/.venv/lib/python3.8/site-packages/nbclient/util.py", line 57, in just_run
    return loop.run_until_complete(coro)
  File "/opt/hostedtoolcache/Python/3.8.12/x64/lib/python3.8/asyncio/base_events.py", line 616, in run_until_complete
    return future.result()
  File "/home/runner/work/qmlcourse/qmlcourse/.venv/lib/python3.8/site-packages/nbclient/client.py", line 558, in async_execute
    await self.async_execute_cell(
  File "/home/runner/work/qmlcourse/qmlcourse/.venv/lib/python3.8/site-packages/nbclient/client.py", line 862, in async_execute_cell
    self._check_raise_for_error(cell, exec_reply)
  File "/home/runner/work/qmlcourse/qmlcourse/.venv/lib/python3.8/site-packages/nbclient/client.py", line 765, in _check_raise_for_error
    raise CellExecutionError.from_cell_and_msg(cell, exec_reply_content)
nbclient.exceptions.CellExecutionError: An error occurred while executing the following cell:
------------------
sampler = EmbeddingComposite(DWaveSampler())  
sampleset = sampler.sample(bqm, num_reads=1000, label='Canada Map Coloring')
------------------

[0;31m---------------------------------------------------------------------------[0m
[0;31mValueError[0m                                Traceback (most recent call last)
[0;32m/tmp/ipykernel_3836/3940459392.py[0m in [0;36m<module>[0;34m[0m
[0;32m----> 1[0;31m [0msampler[0m [0;34m=[0m [0mEmbeddingComposite[0m[0;34m([0m[0mDWaveSampler[0m[0;34m([0m[0;34m)[0m[0;34m)[0m[0;34m[0m[0;34m[0m[0m
[0m[1;32m      2[0m [0msampleset[0m [0;34m=[0m [0msampler[0m[0;34m.[0m[0msample[0m[0;34m([0m[0mbqm[0m[0;34m,[0m [0mnum_reads[0m[0;34m=[0m[0;36m1000[0m[0;34m,[0m [0mlabel[0m[0;34m=[0m[0;34m'Canada Map Coloring'[0m[0;34m)[0m[0;34m[0m[0;34m[0m[0m

[0;32m~/work/qmlcourse/qmlcourse/.venv/lib/python3.8/site-packages/dwave/system/samplers/dwave_sampler.py[0m in [0;36m__init__[0;34m(self, failover, retry_interval, **config)[0m
[1;32m    140[0m         [0mdefaults[0m[0;34m.[0m[0mupdate[0m[0;34m([0m[0msolver[0m[0;34m=[0m[0mdict[0m[0;34m([0m[0morder_by[0m[0;34m=[0m[0;34m'-num_active_qubits'[0m[0;34m)[0m[0;34m)[0m[0;34m[0m[0;34m[0m[0m
[1;32m    141[0m [0;34m[0m[0m
[0;32m--> 142[0;31m         [0mself[0m[0;34m.[0m[0mclient[0m [0;34m=[0m [0mClient[0m[0;34m.[0m[0mfrom_config[0m[0;34m([0m[0;34m**[0m[0mconfig[0m[0;34m)[0m[0;34m[0m[0;34m[0m[0m
[0m[1;32m    143[0m         [0mself[0m[0;34m.[0m[0msolver[0m [0;34m=[0m [0mself[0m[0;34m.[0m[0mclient[0m[0;34m.[0m[0mget_solver[0m[0;34m([0m[0;34m)[0m[0;34m[0m[0;34m[0m[0m
[1;32m    144[0m [0;34m[0m[0m

[0;32m~/work/qmlcourse/qmlcourse/.venv/lib/python3.8/site-packages/dwave/cloud/client/base.py[0m in [0;36mfrom_config[0;34m(cls, config_file, profile, client, **kwargs)[0m
[1;32m    358[0m [0;34m[0m[0m
[1;32m    359[0m         [0mlogger[0m[0;34m.[0m[0mdebug[0m[0;34m([0m[0;34m"Creating %s.Client() with: %r"[0m[0;34m,[0m [0m_client[0m[0;34m,[0m [0mconfig[0m[0;34m)[0m[0;34m[0m[0;34m[0m[0m
[0;32m--> 360[0;31m         [0;32mreturn[0m [0m_clients[0m[0;34m[[0m[0m_client[0m[0;34m][0m[0;34m([0m[0;34m**[0m[0mconfig[0m[0;34m)[0m[0;34m[0m[0;34m[0m[0m
[0m[1;32m    361[0m [0;34m[0m[0m
[1;32m    362[0m     def _resolve_region_endpoint(self, *,

[0;32m~/work/qmlcourse/qmlcourse/.venv/lib/python3.8/site-packages/dwave/cloud/events.py[0m in [0;36mwrapped[0;34m(*pargs, **kwargs)[0m
[1;32m    103[0m             [0mdispatch_event[0m[0;34m([0m[0mself[0m[0;34m.[0m[0mbefore_eventname[0m[0;34m,[0m [0mobj[0m[0;34m=[0m[0mobj[0m[0;34m,[0m [0margs[0m[0;34m=[0m[0margs[0m[0;34m)[0m[0;34m[0m[0;34m[0m[0m
[1;32m    104[0m             [0;32mtry[0m[0;34m:[0m[0;34m[0m[0;34m[0m[0m
[0;32m--> 105[0;31m                 [0mrval[0m [0;34m=[0m [0mfn[0m[0;34m([0m[0;34m*[0m[0mpargs[0m[0;34m,[0m [0;34m**[0m[0mkwargs[0m[0;34m)[0m[0;34m[0m[0;34m[0m[0m
[0m[1;32m    106[0m             [0;32mexcept[0m [0mException[0m [0;32mas[0m [0mexc[0m[0;34m:[0m[0;34m[0m[0;34m[0m[0m
[1;32m    107[0m                 [0mdispatch_event[0m[0;34m([0m[0mself[0m[0;34m.[0m[0mafter_eventname[0m[0;34m,[0m [0mobj[0m[0;34m=[0m[0mobj[0m[0;34m,[0m [0margs[0m[0;34m=[0m[0margs[0m[0;34m,[0m [0mexception[0m[0;34m=[0m[0mexc[0m[0;34m)[0m[0;34m[0m[0;34m[0m[0m

[0;32m~/work/qmlcourse/qmlcourse/.venv/lib/python3.8/site-packages/dwave/cloud/client/base.py[0m in [0;36m__init__[0;34m(self, endpoint, token, solver, **kwargs)[0m
[1;32m    451[0m         [0mtoken[0m [0;34m=[0m [0moptions[0m[0;34m[[0m[0;34m'token'[0m[0;34m][0m[0;34m[0m[0;34m[0m[0m
[1;32m    452[0m         [0;32mif[0m [0;32mnot[0m [0mtoken[0m[0;34m:[0m[0;34m[0m[0;34m[0m[0m
[0;32m--> 453[0;31m             [0;32mraise[0m [0mValueError[0m[0;34m([0m[0;34m"API token not defined"[0m[0;34m)[0m[0;34m[0m[0;34m[0m[0m
[0m[1;32m    454[0m [0;34m[0m[0m
[1;32m    455[0m         [0;31m# parse optional client certificate[0m[0;34m[0m[0;34m[0m[0;34m[0m[0m

[0;31mValueError[0m: API token not defined
ValueError: API token not defined

